<?xml version="1.0" encoding="UTF-8"?>
<!-- Generated by org.testng.reporters.JUnitReportReporter -->
<testsuite skipped="0" hostname="DESKTOP-6RCEUOS" name="CodeMaxApi.RestAssured.ValidateGetRequest" tests="3" failures="0" timestamp="2020-10-18T20:02:38 IST" time="2.607" errors="0">
  <testcase name="status_code_verify" time="1.468" classname="CodeMaxApi.RestAssured.ValidateGetRequest"/>
  <system-out/>
  <testcase name="status_message_verify" time="0.677" classname="CodeMaxApi.RestAssured.ValidateGetRequest"/>
  <system-out/>
  <testcase name="print_message" time="0.462" classname="CodeMaxApi.RestAssured.ValidateGetRequest"/>
  <system-out/>
</testsuite> <!-- CodeMaxApi.RestAssured.ValidateGetRequest -->
